building Nix...
building the system configuration...
these 15 derivations will be built:
  /nix/store/xhmp812i1wml95a45wnihcw6lkl0w7ph-system-path.drv
  /nix/store/psr4dp28qah8ks4a8w33sdvcsi6zqjk4-set-environment.drv
  /nix/store/9j5a03gj0skg1vmql0jahb6csd42rzpb-etc-profile.drv
  /nix/store/rvxagfjqx0ynmjkgl97q3rmamdlb26sz-X-Restart-Triggers-polkit.drv
  /nix/store/2ih8vznksqb1ibmal2ylg2mw1p0h1004-unit-polkit.service.drv
  /nix/store/hhyjnzyxqb9f48gm540j4v514y4xbygj-unit-accounts-daemon.service.drv
  /nix/store/h34x8zpljkbhjp5wica6gh7q562j8vkc-dbus-1.drv
  /nix/store/ffhij8j4x7yzvpdqwhbrafc5rphzbmir-X-Restart-Triggers-dbus.drv
  /nix/store/vbaqkknrzb89psc50h5l44wsl7dfssf8-unit-dbus.service.drv
  /nix/store/9x6vh2zl9g7ijacn7slah05p29d4cv59-system-units.drv
  /nix/store/ffklvxcxvxb26a4i3p3fd5biqc3xnx7r-etc-pam-environment.drv
  /nix/store/x3g1rj35xps3a0gbm7f9mnm5hpbxal6p-unit-dbus.service.drv
  /nix/store/rxabz2mb4f4xbfk3fw7qhnfpqm7bx7qx-user-units.drv
  /nix/store/zp21bkamd8bqkjg49nhflzpc0kxyvbrw-etc.drv
  /nix/store/0dlhk2g66b40wibbkvmsqgn227vgc70y-nixos-system-nixos-25.05.807117.13e8d35b7d60.drv
building '/nix/store/xhmp812i1wml95a45wnihcw6lkl0w7ph-system-path.drv'...
warning: collision between `/nix/store/z9han78wn7a351p7672f7k10qrdigi6b-mount.vboxsf/bin/mount.vboxsf' and `/nix/store/ymikk15c91m5g9kywd8l6a9i7z1sv31w-VirtualBox-GuestAdditions-7.1.12-6.12.40/bin/mount.vboxsf'
created 19372 symlinks in user environment
gtk-update-icon-cache: Cache file created successfully.
building '/nix/store/rvxagfjqx0ynmjkgl97q3rmamdlb26sz-X-Restart-Triggers-polkit.drv'...
building '/nix/store/h34x8zpljkbhjp5wica6gh7q562j8vkc-dbus-1.drv'...
building '/nix/store/ffklvxcxvxb26a4i3p3fd5biqc3xnx7r-etc-pam-environment.drv'...
building '/nix/store/psr4dp28qah8ks4a8w33sdvcsi6zqjk4-set-environment.drv'...
building '/nix/store/hhyjnzyxqb9f48gm540j4v514y4xbygj-unit-accounts-daemon.service.drv'...
building '/nix/store/ffhij8j4x7yzvpdqwhbrafc5rphzbmir-X-Restart-Triggers-dbus.drv'...
building '/nix/store/9j5a03gj0skg1vmql0jahb6csd42rzpb-etc-profile.drv'...
building '/nix/store/2ih8vznksqb1ibmal2ylg2mw1p0h1004-unit-polkit.service.drv'...
building '/nix/store/vbaqkknrzb89psc50h5l44wsl7dfssf8-unit-dbus.service.drv'...
building '/nix/store/x3g1rj35xps3a0gbm7f9mnm5hpbxal6p-unit-dbus.service.drv'...
building '/nix/store/9x6vh2zl9g7ijacn7slah05p29d4cv59-system-units.drv'...
building '/nix/store/rxabz2mb4f4xbfk3fw7qhnfpqm7bx7qx-user-units.drv'...
building '/nix/store/zp21bkamd8bqkjg49nhflzpc0kxyvbrw-etc.drv'...
building '/nix/store/0dlhk2g66b40wibbkvmsqgn227vgc70y-nixos-system-nixos-25.05.807117.13e8d35b7d60.drv'...
stopping the following units: accounts-daemon.service
activating the configuration...
setting up /etc...
reloading user units for fbruggem...
restarting sysinit-reactivation.target
reloading the following units: dbus.service
restarting the following units: polkit.service
starting the following units: accounts-daemon.service
the following new units were started: NetworkManager-dispatcher.service
Done. The new configuration is /nix/store/887wn5mjqnyqci4jkimqq5fyqaja3sis-nixos-system-nixos-25.05.807117.13e8d35b7d60
